# JRE version: OpenJDK Runtime Environment (11.0.10) (build 11.0.10+0-b96-7249189)
# Java VM: OpenJDK 64-Bit Server VM (11.0.10+0-b96-7249189, mixed mode, tiered, compressed oops, g1 gc, windows-amd64)
Heap:
 garbage-first heap   total 189440K, used 123868K [0x0000000080000000, 0x0000000100000000)
  region size 1024K, 36 young (36864K), 2 survivors (2048K)
 Metaspace       used 106416K, capacity 109263K, committed 109344K, reserved 1144832K
  class space    used 13726K, capacity 14826K, committed 14880K, reserved 1048576K
GC Heap History (20 events):
Event: 28.205 GC heap before
{Heap before GC invocations=19 (full 0):
 garbage-first heap   total 157696K, used 118558K [0x0000000080000000, 0x0000000100000000)
  region size 1024K, 68 young (69632K), 7 survivors (7168K)
 Metaspace       used 80568K, capacity 82491K, committed 82848K, reserved 1120256K
  class space    used 10377K, capacity 11055K, committed 11168K, reserved 1048576K
}
Event: 28.229 GC heap after
{Heap after GC invocations=20 (full 0):
 garbage-first heap   total 157696K, used 63135K [0x0000000080000000, 0x0000000100000000)
  region size 1024K, 9 young (9216K), 9 survivors (9216K)
 Metaspace       used 80568K, capacity 82491K, committed 82848K, reserved 1120256K
  class space    used 10377K, capacity 11055K, committed 11168K, reserved 1048576K
}
Event: 30.274 GC heap before
{Heap before GC invocations=20 (full 0):
 garbage-first heap   total 157696K, used 121503K [0x0000000080000000, 0x0000000100000000)
  region size 1024K, 67 young (68608K), 9 survivors (9216K)
 Metaspace       used 81969K, capacity 84071K, committed 84256K, reserved 1122304K
  class space    used 10544K, capacity 11289K, committed 11296K, reserved 1048576K
}
Event: 30.300 GC heap after
{Heap after GC invocations=21 (full 0):
 garbage-first heap   total 157696K, used 68309K [0x0000000080000000, 0x0000000100000000)
  region size 1024K, 5 young (5120K), 5 survivors (5120K)
 Metaspace       used 81969K, capacity 84071K, committed 84256K, reserved 1122304K
  class space    used 10544K, capacity 11289K, committed 11296K, reserved 1048576K
}
Event: 31.455 GC heap before
{Heap before GC invocations=21 (full 0):
 garbage-first heap   total 157696K, used 124629K [0x0000000080000000, 0x0000000100000000)
  region size 1024K, 61 young (62464K), 5 survivors (5120K)
 Metaspace       used 82637K, capacity 84645K, committed 84896K, reserved 1122304K
  class space    used 10606K, capacity 11375K, committed 11424K, reserved 1048576K
}
Event: 31.471 GC heap after
{Heap after GC invocations=22 (full 0):
 garbage-first heap   total 157696K, used 72054K [0x0000000080000000, 0x0000000100000000)
  region size 1024K, 4 young (4096K), 4 survivors (4096K)
 Metaspace       used 82637K, capacity 84645K, committed 84896K, reserved 1122304K
  class space    used 10606K, capacity 11375K, committed 11424K, reserved 1048576K
}
Event: 32.951 GC heap before
{Heap before GC invocations=22 (full 0):
 garbage-first heap   total 157696K, used 126326K [0x0000000080000000, 0x0000000100000000)
  region size 1024K, 58 young (59392K), 4 survivors (4096K)
 Metaspace       used 87630K, capacity 89809K, committed 90016K, reserved 1126400K
  class space    used 11288K, capacity 12085K, committed 12192K, reserved 1048576K
}
Event: 32.968 GC heap after
{Heap after GC invocations=23 (full 0):
 garbage-first heap   total 157696K, used 77268K [0x0000000080000000, 0x0000000100000000)
  region size 1024K, 8 young (8192K), 8 survivors (8192K)
 Metaspace       used 87630K, capacity 89809K, committed 90016K, reserved 1126400K
  class space    used 11288K, capacity 12085K, committed 12192K, reserved 1048576K
}
Event: 35.233 GC heap before
{Heap before GC invocations=23 (full 0):
 garbage-first heap   total 157696K, used 129492K [0x0000000080000000, 0x0000000100000000)
  region size 1024K, 57 young (58368K), 8 survivors (8192K)
 Metaspace       used 91826K, capacity 94130K, committed 94368K, reserved 1130496K
  class space    used 11743K, capacity 12585K, committed 12704K, reserved 1048576K
}
Event: 35.265 GC heap after
{Heap after GC invocations=24 (full 0):
 garbage-first heap   total 157696K, used 89602K [0x0000000080000000, 0x0000000100000000)
  region size 1024K, 8 young (8192K), 8 survivors (8192K)
 Metaspace       used 91826K, capacity 94130K, committed 94368K, reserved 1130496K
  class space    used 11743K, capacity 12585K, committed 12704K, reserved 1048576K
}
Event: 36.440 GC heap before
{Heap before GC invocations=24 (full 0):
 garbage-first heap   total 157696K, used 125442K [0x0000000080000000, 0x0000000100000000)
  region size 1024K, 44 young (45056K), 8 survivors (8192K)
 Metaspace       used 92744K, capacity 95124K, committed 95392K, reserved 1132544K
  class space    used 11799K, capacity 12645K, committed 12704K, reserved 1048576K
}
Event: 36.459 GC heap after
{Heap after GC invocations=25 (full 0):
 garbage-first heap   total 189440K, used 89857K [0x0000000080000000, 0x0000000100000000)
  region size 1024K, 3 young (3072K), 3 survivors (3072K)
 Metaspace       used 92744K, capacity 95124K, committed 95392K, reserved 1132544K
  class space    used 11799K, capacity 12645K, committed 12704K, reserved 1048576K
}
Event: 38.391 GC heap before
{Heap before GC invocations=26 (full 0):
 garbage-first heap   total 189440K, used 139009K [0x0000000080000000, 0x0000000100000000)
  region size 1024K, 52 young (53248K), 3 survivors (3072K)
 Metaspace       used 96085K, capacity 98421K, committed 98720K, reserved 1134592K
  class space    used 12251K, capacity 13118K, committed 13216K, reserved 1048576K
}
Event: 38.406 GC heap after
{Heap after GC invocations=27 (full 0):
 garbage-first heap   total 189440K, used 91594K [0x0000000080000000, 0x0000000100000000)
  region size 1024K, 5 young (5120K), 5 survivors (5120K)
 Metaspace       used 96085K, capacity 98421K, committed 98720K, reserved 1134592K
  class space    used 12251K, capacity 13118K, committed 13216K, reserved 1048576K
}
Event: 40.024 GC heap before
{Heap before GC invocations=27 (full 0):
 garbage-first heap   total 189440K, used 141770K [0x0000000080000000, 0x0000000100000000)
  region size 1024K, 55 young (56320K), 5 survivors (5120K)
 Metaspace       used 102712K, capacity 105410K, committed 105504K, reserved 1140736K
  class space    used 13263K, capacity 14311K, committed 14368K, reserved 1048576K
}
Event: 40.042 GC heap after
{Heap after GC invocations=28 (full 0):
 garbage-first heap   total 189440K, used 93299K [0x0000000080000000, 0x0000000100000000)
  region size 1024K, 5 young (5120K), 5 survivors (5120K)
 Metaspace       used 102712K, capacity 105410K, committed 105504K, reserved 1140736K
  class space    used 13263K, capacity 14311K, committed 14368K, reserved 1048576K
}
Event: 42.243 GC heap before
{Heap before GC invocations=29 (full 0):
 garbage-first heap   total 189440K, used 145523K [0x0000000080000000, 0x0000000100000000)
  region size 1024K, 56 young (57344K), 5 survivors (5120K)
 Metaspace       used 104554K, capacity 107381K, committed 107552K, reserved 1142784K
  class space    used 13488K, capacity 14580K, committed 14624K, reserved 1048576K
}
Event: 42.258 GC heap after
{Heap after GC invocations=30 (full 0):
 garbage-first heap   total 189440K, used 94007K [0x0000000080000000, 0x0000000100000000)
  region size 1024K, 3 young (3072K), 3 survivors (3072K)
 Metaspace       used 104554K, capacity 107381K, committed 107552K, reserved 1142784K
  class space    used 13488K, capacity 14580K, committed 14624K, reserved 1048576K
}
Event: 42.752 GC heap before
{Heap before GC invocations=30 (full 0):
 garbage-first heap   total 189440K, used 99127K [0x0000000080000000, 0x0000000100000000)
  region size 1024K, 9 young (9216K), 3 survivors (3072K)
 Metaspace       used 104738K, capacity 107501K, committed 107552K, reserved 1142784K
  class space    used 13504K, capacity 14597K, committed 14624K, reserved 1048576K
}
Event: 42.764 GC heap after
{Heap after GC invocations=31 (full 0):
 garbage-first heap   total 189440K, used 91100K [0x0000000080000000, 0x0000000100000000)
  region size 1024K, 2 young (2048K), 2 survivors (2048K)
 Metaspace       used 104738K, capacity 107501K, committed 107552K, reserved 1142784K
  class space    used 13504K, capacity 14597K, committed 14624K, reserved 1048576K
}

